<?xml version="1.0" encoding="UTF-8"?>
<testsuite name="com.javatodev.api.SpringBootApiWithActivemqApplicationTests" tests="1" skipped="0" failures="0" errors="0" timestamp="2023-11-16T04:34:09" hostname="IFSCLIENT-47761" time="0.793">
  <properties/>
  <testcase name="contextLoads()" classname="com.javatodev.api.SpringBootApiWithActivemqApplicationTests" time="0.793"/>
  <system-out><![CDATA[10:04:07.067 [Test worker] INFO org.springframework.test.context.support.AnnotationConfigContextLoaderUtils -- Could not detect default configuration classes for test class [com.javatodev.api.SpringBootApiWithActivemqApplicationTests]: SpringBootApiWithActivemqApplicationTests does not declare any static, non-private, non-final, nested classes annotated with @Configuration.
10:04:07.161 [Test worker] INFO org.springframework.boot.test.context.SpringBootTestContextBootstrapper -- Found @SpringBootConfiguration com.javatodev.api.SpringBootApiWithActivemqApplication for test class com.javatodev.api.SpringBootApiWithActivemqApplicationTests

  .   ____          _            __ _ _
 /\\ / ___'_ __ _ _(_)_ __  __ _ \ \ \ \
( ( )\___ | '_ | '_| | '_ \/ _` | \ \ \ \
 \\/  ___)| |_)| | | | | || (_| |  ) ) ) )
  '  |____| .__|_| |_|_| |_\__, | / / / /
 =========|_|==============|___/=/_/_/_/
 :: Spring Boot ::                (v3.1.5)

2023-11-16T10:04:07.555+05:30  INFO 13788 --- [    Test worker] pringBootApiWithActivemqApplicationTests : Starting SpringBootApiWithActivemqApplicationTests using Java 17.0.8 with PID 13788 (started by lawalk in C:\MyStuff\MyWork\workspace\JavaToDev\spring-boot-api-with-activemq)
2023-11-16T10:04:07.556+05:30  INFO 13788 --- [    Test worker] pringBootApiWithActivemqApplicationTests : No active profile set, falling back to 1 default profile: "default"
2023-11-16T10:04:09.115+05:30  INFO 13788 --- [    Test worker] pringBootApiWithActivemqApplicationTests : Started SpringBootApiWithActivemqApplicationTests in 1.78 seconds (process running for 2.901)
]]></system-out>
  <system-err><![CDATA[]]></system-err>
</testsuite>
